<?xml version="1.0" encoding="UTF-8"?>
<testng-results skipped="0" failed="0" ignored="0" total="3" passed="3">
  <reporter-output>
  </reporter-output>
  <suite name="Default suite" duration-ms="7419" started-at="2023-03-29T08:41:02Z" finished-at="2023-03-29T08:41:09Z">
    <groups>
    </groups>
    <test name="Default test" duration-ms="7419" started-at="2023-03-29T08:41:02Z" finished-at="2023-03-29T08:41:09Z">
      <class name="com.Test.TestNg">
        <test-method status="PASS" signature="beforeClass()[pri:0, instance:com.Test.TestNg@51b279c9]" name="beforeClass" is-config="true" duration-ms="12" started-at="2023-03-29T08:41:02Z" finished-at="2023-03-29T08:41:02Z">
          <reporter-output>
          </reporter-output>
        </test-method> <!-- beforeClass -->
        <test-method status="PASS" signature="Test()[pri:0, instance:com.Test.TestNg@51b279c9]" name="Test" duration-ms="3125" started-at="2023-03-29T08:41:02Z" finished-at="2023-03-29T08:41:05Z">
          <reporter-output>
          </reporter-output>
        </test-method> <!-- Test -->
        <test-method status="PASS" signature="Test1()[pri:0, instance:com.Test.TestNg@51b279c9]" name="Test1" duration-ms="2181" started-at="2023-03-29T08:41:05Z" finished-at="2023-03-29T08:41:07Z">
          <reporter-output>
          </reporter-output>
        </test-method> <!-- Test1 -->
        <test-method status="PASS" signature="Test2()[pri:0, instance:com.Test.TestNg@51b279c9]" name="Test2" duration-ms="2075" started-at="2023-03-29T08:41:07Z" finished-at="2023-03-29T08:41:09Z">
          <reporter-output>
          </reporter-output>
        </test-method> <!-- Test2 -->
        <test-method status="PASS" signature="afterClass()[pri:0, instance:com.Test.TestNg@51b279c9]" name="afterClass" is-config="true" duration-ms="0" started-at="2023-03-29T08:41:09Z" finished-at="2023-03-29T08:41:09Z">
          <reporter-output>
          </reporter-output>
        </test-method> <!-- afterClass -->
      </class> <!-- com.Test.TestNg -->
    </test> <!-- Default test -->
  </suite> <!-- Default suite -->
</testng-results>
